21:07:10 **** Incremental Build of configuration Debug for project CPU ****
make all 
Building target: CPU
Invoking: GCC C Linker
gcc  -o "CPU"  ./src/cpu.o  ./Archivo\ de\ Configuracion/archivoDeConfiguracionCpu.o   -lcommons
Finished building target: CPU
 
21:07:44 **** Incremental Build of configuration Debug for project CPU ****
make all 
make: No se hace nada para «all».
21:07:45 **** Incremental Build of configuration Debug for project Planificador ****
make all 
make: No se hace nada para «all».
21:09:07 **** Incremental Build of configuration Debug for project CPU ****
make all 
Building file: ../Archivo de Configuracion/archivoDeConfiguracionCpu.c
Invoking: GCC C Compiler
gcc -O0 -g3 -Wall -c -fmessage-length=0 -MMD -MP -MF"Archivo de Configuracion/archivoDeConfiguracionCpu.d" -MT"Archivo\ de\ Configuracion/archivoDeConfiguracionCpu.d" -o "Archivo de Configuracion/archivoDeConfiguracionCpu.o" "../Archivo de Configuracion/archivoDeConfiguracionCpu.c"
Finished building: ../Archivo de Configuracion/archivoDeConfiguracionCpu.c
 
Building target: CPU
Invoking: GCC C Linker
gcc  -o "CPU"  ./src/cpu.o  ./Archivo\ de\ Configuracion/archivoDeConfiguracionCpu.o   -lcommons
Finished building target: CPU
 
21:09:08 **** Incremental Build of configuration Debug for project Planificador ****
make all 
make: No se hace nada para «all».
21:09:15 **** Incremental Build of configuration Debug for project Planificador ****
make all 
make: No se hace nada para «all».
21:09:23 **** Incremental Build of configuration Debug for project CPU ****
make all 
make: No se hace nada para «all».
21:10:58 **** Incremental Build of configuration Debug for project CPU ****
make all 
Building file: ../Archivo de Configuracion/archivoDeConfiguracionCpu.c
Invoking: GCC C Compiler
gcc -O0 -g3 -Wall -c -fmessage-length=0 -MMD -MP -MF"Archivo de Configuracion/archivoDeConfiguracionCpu.d" -MT"Archivo\ de\ Configuracion/archivoDeConfiguracionCpu.d" -o "Archivo de Configuracion/archivoDeConfiguracionCpu.o" "../Archivo de Configuracion/archivoDeConfiguracionCpu.c"
Finished building: ../Archivo de Configuracion/archivoDeConfiguracionCpu.c
 
Building target: CPU
Invoking: GCC C Linker
gcc  -o "CPU"  ./src/cpu.o  ./Archivo\ de\ Configuracion/archivoDeConfiguracionCpu.o   -lcommons
Finished building target: CPU
 
